[0714/153048.223:ERROR:cache_util_win.cc(20)] Unable to move the cache: Acceso denegado. (0x5)
[0714/153048.224:ERROR:cache_util.cc(146)] Unable to move cache folder C:\Users\valen\Desktop\Code\000-Proyectos\26-mibotwpp\.wwebjs_auth\session\Default\GPUCache to C:\Users\valen\Desktop\Code\000-Proyectos\26-mibotwpp\.wwebjs_auth\session\Default\old_GPUCache_000
[0714/153048.224:ERROR:disk_cache.cc(192)] Unable to create cache
[0714/153048.224:ERROR:shader_disk_cache.cc(612)] Shader Cache Creation failed: -2
[0714/153048.537:INFO:CONSOLE(0)] "Error with Permissions-Policy header: Unrecognized feature: 'ambient-light-sensor'.", source:  (0)
[0714/153048.538:INFO:CONSOLE(0)] "Error with Permissions-Policy header: Unrecognized feature: 'bluetooth'.", source:  (0)
[0714/153049.096:INFO:CONSOLE(7)] "Another connection wants to delete database 'wawc'. Closing db now to resume the delete request.", source: https://web.whatsapp.com/vendor1~app.be50aaad33253076fc3f.js (7)
[0714/153049.379:WARNING:backend_impl.cc(1826)] Destroying invalid entry.
[0714/153050.254:ERROR:cache_util_win.cc(20)] Unable to move the cache: Acceso denegado. (0x5)
[0714/153050.254:ERROR:cache_util.cc(146)] Unable to move cache folder C:\Users\valen\Desktop\Code\000-Proyectos\26-mibotwpp\.wwebjs_auth\session\Default\Cache\Cache_Data to C:\Users\valen\Desktop\Code\000-Proyectos\26-mibotwpp\.wwebjs_auth\session\Default\Cache\old_Cache_Data_000
[0714/153050.254:ERROR:disk_cache.cc(192)] Unable to create cache
[0714/153050.592:INFO:CONSOLE(0)] "Error with Permissions-Policy header: Unrecognized feature: 'ambient-light-sensor'.", source:  (0)
[0714/153050.593:INFO:CONSOLE(0)] "Error with Permissions-Policy header: Unrecognized feature: 'bluetooth'.", source:  (0)
[0714/153051.237:ERROR:service_worker_storage.cc(1904)] Failed to delete the database: Database IO error
[0714/153056.783:ERROR:leveldb_factory.cc(88)] Failed to open LevelDB database from C:\Users\valen\Desktop\Code\000-Proyectos\26-mibotwpp\.wwebjs_auth\session\Default\IndexedDB\https_web.whatsapp.com_0.indexeddb.leveldb,IO error: C:\Users\valen\Desktop\Code\000-Proyectos\26-mibotwpp\.wwebjs_auth\session\Default\IndexedDB\https_web.whatsapp.com_0.indexeddb.leveldb/LOCK: File currently in use. (ChromeMethodBFE: 15::LockFile::2)
[0714/153058.804:ERROR:leveldb_factory.cc(88)] Failed to open LevelDB database from C:\Users\valen\Desktop\Code\000-Proyectos\26-mibotwpp\.wwebjs_auth\session\Default\IndexedDB\https_web.whatsapp.com_0.indexeddb.leveldb,IO error: C:\Users\valen\Desktop\Code\000-Proyectos\26-mibotwpp\.wwebjs_auth\session\Default\IndexedDB\https_web.whatsapp.com_0.indexeddb.leveldb/LOCK: File currently in use. (ChromeMethodBFE: 15::LockFile::2)
[0714/153100.833:ERROR:leveldb_factory.cc(88)] Failed to open LevelDB database from C:\Users\valen\Desktop\Code\000-Proyectos\26-mibotwpp\.wwebjs_auth\session\Default\IndexedDB\https_web.whatsapp.com_0.indexeddb.leveldb,IO error: C:\Users\valen\Desktop\Code\000-Proyectos\26-mibotwpp\.wwebjs_auth\session\Default\IndexedDB\https_web.whatsapp.com_0.indexeddb.leveldb/LOCK: File currently in use. (ChromeMethodBFE: 15::LockFile::2)
[0714/153101.718:INFO:CONSOLE(43)] "Uncaught (in promise) TypeError: Failed to execute 'put' on 'Cache': Partial response (status code 206) is unsupported", source: https://web.whatsapp.com/serviceworker.js (43)
[0714/153101.736:INFO:CONSOLE(43)] "Uncaught (in promise) TypeError: Failed to execute 'put' on 'Cache': Partial response (status code 206) is unsupported", source: https://web.whatsapp.com/serviceworker.js (43)
[0714/153102.846:ERROR:leveldb_factory.cc(88)] Failed to open LevelDB database from C:\Users\valen\Desktop\Code\000-Proyectos\26-mibotwpp\.wwebjs_auth\session\Default\IndexedDB\https_web.whatsapp.com_0.indexeddb.leveldb,IO error: C:\Users\valen\Desktop\Code\000-Proyectos\26-mibotwpp\.wwebjs_auth\session\Default\IndexedDB\https_web.whatsapp.com_0.indexeddb.leveldb/LOCK: File currently in use. (ChromeMethodBFE: 15::LockFile::2)
[0714/153104.859:ERROR:leveldb_factory.cc(88)] Failed to open LevelDB database from C:\Users\valen\Desktop\Code\000-Proyectos\26-mibotwpp\.wwebjs_auth\session\Default\IndexedDB\https_web.whatsapp.com_0.indexeddb.leveldb,IO error: C:\Users\valen\Desktop\Code\000-Proyectos\26-mibotwpp\.wwebjs_auth\session\Default\IndexedDB\https_web.whatsapp.com_0.indexeddb.leveldb/LOCK: File currently in use. (ChromeMethodBFE: 15::LockFile::2)
[0714/153106.892:ERROR:leveldb_factory.cc(88)] Failed to open LevelDB database from C:\Users\valen\Desktop\Code\000-Proyectos\26-mibotwpp\.wwebjs_auth\session\Default\IndexedDB\https_web.whatsapp.com_0.indexeddb.leveldb,IO error: C:\Users\valen\Desktop\Code\000-Proyectos\26-mibotwpp\.wwebjs_auth\session\Default\IndexedDB\https_web.whatsapp.com_0.indexeddb.leveldb/LOCK: File currently in use. (ChromeMethodBFE: 15::LockFile::2)
[0714/153108.913:ERROR:leveldb_factory.cc(88)] Failed to open LevelDB database from C:\Users\valen\Desktop\Code\000-Proyectos\26-mibotwpp\.wwebjs_auth\session\Default\IndexedDB\https_web.whatsapp.com_0.indexeddb.leveldb,IO error: C:\Users\valen\Desktop\Code\000-Proyectos\26-mibotwpp\.wwebjs_auth\session\Default\IndexedDB\https_web.whatsapp.com_0.indexeddb.leveldb/LOCK: File currently in use. (ChromeMethodBFE: 15::LockFile::2)
[0714/153110.968:ERROR:leveldb_factory.cc(88)] Failed to open LevelDB database from C:\Users\valen\Desktop\Code\000-Proyectos\26-mibotwpp\.wwebjs_auth\session\Default\IndexedDB\https_web.whatsapp.com_0.indexeddb.leveldb,IO error: C:\Users\valen\Desktop\Code\000-Proyectos\26-mibotwpp\.wwebjs_auth\session\Default\IndexedDB\https_web.whatsapp.com_0.indexeddb.leveldb/LOCK: File currently in use. (ChromeMethodBFE: 15::LockFile::2)
[0714/153112.994:ERROR:leveldb_factory.cc(88)] Failed to open LevelDB database from C:\Users\valen\Desktop\Code\000-Proyectos\26-mibotwpp\.wwebjs_auth\session\Default\IndexedDB\https_web.whatsapp.com_0.indexeddb.leveldb,IO error: C:\Users\valen\Desktop\Code\000-Proyectos\26-mibotwpp\.wwebjs_auth\session\Default\IndexedDB\https_web.whatsapp.com_0.indexeddb.leveldb/LOCK: File currently in use. (ChromeMethodBFE: 15::LockFile::2)
[0714/153115.025:ERROR:leveldb_factory.cc(88)] Failed to open LevelDB database from C:\Users\valen\Desktop\Code\000-Proyectos\26-mibotwpp\.wwebjs_auth\session\Default\IndexedDB\https_web.whatsapp.com_0.indexeddb.leveldb,IO error: C:\Users\valen\Desktop\Code\000-Proyectos\26-mibotwpp\.wwebjs_auth\session\Default\IndexedDB\https_web.whatsapp.com_0.indexeddb.leveldb/LOCK: File currently in use. (ChromeMethodBFE: 15::LockFile::2)
[0714/153116.401:ERROR:sandbox_origin_database.cc(190)] SandboxOriginDatabase failed at: Init@storage/browser/file_system/sandbox_origin_database.cc:94 with error: IO error: C:\Users\valen\Desktop\Code\000-Proyectos\26-mibotwpp\.wwebjs_auth\session\Default\File System\Origins/LOCK: File currently in use. (ChromeMethodBFE: 15::LockFile::2)
[0714/153116.401:WARNING:sandbox_origin_database.cc(106)] Attempting to repair SandboxOriginDatabase.
[0714/153117.046:ERROR:leveldb_factory.cc(88)] Failed to open LevelDB database from C:\Users\valen\Desktop\Code\000-Proyectos\26-mibotwpp\.wwebjs_auth\session\Default\IndexedDB\https_web.whatsapp.com_0.indexeddb.leveldb,IO error: C:\Users\valen\Desktop\Code\000-Proyectos\26-mibotwpp\.wwebjs_auth\session\Default\IndexedDB\https_web.whatsapp.com_0.indexeddb.leveldb/LOCK: File currently in use. (ChromeMethodBFE: 15::LockFile::2)
[0714/153119.058:ERROR:leveldb_factory.cc(88)] Failed to open LevelDB database from C:\Users\valen\Desktop\Code\000-Proyectos\26-mibotwpp\.wwebjs_auth\session\Default\IndexedDB\https_web.whatsapp.com_0.indexeddb.leveldb,IO error: C:\Users\valen\Desktop\Code\000-Proyectos\26-mibotwpp\.wwebjs_auth\session\Default\IndexedDB\https_web.whatsapp.com_0.indexeddb.leveldb/LOCK: File currently in use. (ChromeMethodBFE: 15::LockFile::2)
[0714/153120.459:WARNING:sandbox_origin_database.cc(140)] Failed to repair SandboxOriginDatabase.
[0714/153121.077:ERROR:leveldb_factory.cc(88)] Failed to open LevelDB database from C:\Users\valen\Desktop\Code\000-Proyectos\26-mibotwpp\.wwebjs_auth\session\Default\IndexedDB\https_web.whatsapp.com_0.indexeddb.leveldb,IO error: C:\Users\valen\Desktop\Code\000-Proyectos\26-mibotwpp\.wwebjs_auth\session\Default\IndexedDB\https_web.whatsapp.com_0.indexeddb.leveldb/LOCK: File currently in use. (ChromeMethodBFE: 15::LockFile::2)
[0714/153122.485:ERROR:sandbox_origin_database.cc(190)] SandboxOriginDatabase failed at: Init@storage/browser/file_system/sandbox_origin_database.cc:94 with error: IO error: C:\Users\valen\Desktop\Code\000-Proyectos\26-mibotwpp\.wwebjs_auth\session\Default\File System\Origins/LOCK: File currently in use. (ChromeMethodBFE: 15::LockFile::2)
[0714/153122.485:WARNING:sandbox_origin_database.cc(106)] Attempting to repair SandboxOriginDatabase.
[0714/153123.097:ERROR:leveldb_factory.cc(88)] Failed to open LevelDB database from C:\Users\valen\Desktop\Code\000-Proyectos\26-mibotwpp\.wwebjs_auth\session\Default\IndexedDB\https_web.whatsapp.com_0.indexeddb.leveldb,IO error: C:\Users\valen\Desktop\Code\000-Proyectos\26-mibotwpp\.wwebjs_auth\session\Default\IndexedDB\https_web.whatsapp.com_0.indexeddb.leveldb/LOCK: File currently in use. (ChromeMethodBFE: 15::LockFile::2)
[0714/153125.134:ERROR:leveldb_factory.cc(88)] Failed to open LevelDB database from C:\Users\valen\Desktop\Code\000-Proyectos\26-mibotwpp\.wwebjs_auth\session\Default\IndexedDB\https_web.whatsapp.com_0.indexeddb.leveldb,IO error: C:\Users\valen\Desktop\Code\000-Proyectos\26-mibotwpp\.wwebjs_auth\session\Default\IndexedDB\https_web.whatsapp.com_0.indexeddb.leveldb/LOCK: File currently in use. (ChromeMethodBFE: 15::LockFile::2)
[0714/153126.558:WARNING:sandbox_origin_database.cc(140)] Failed to repair SandboxOriginDatabase.
[0714/153127.157:ERROR:leveldb_factory.cc(88)] Failed to open LevelDB database from C:\Users\valen\Desktop\Code\000-Proyectos\26-mibotwpp\.wwebjs_auth\session\Default\IndexedDB\https_web.whatsapp.com_0.indexeddb.leveldb,IO error: C:\Users\valen\Desktop\Code\000-Proyectos\26-mibotwpp\.wwebjs_auth\session\Default\IndexedDB\https_web.whatsapp.com_0.indexeddb.leveldb/LOCK: File currently in use. (ChromeMethodBFE: 15::LockFile::2)
[0714/153128.579:ERROR:sandbox_origin_database.cc(190)] SandboxOriginDatabase failed at: Init@storage/browser/file_system/sandbox_origin_database.cc:94 with error: IO error: C:\Users\valen\Desktop\Code\000-Proyectos\26-mibotwpp\.wwebjs_auth\session\Default\File System\Origins/LOCK: File currently in use. (ChromeMethodBFE: 15::LockFile::2)
[0714/153128.579:WARNING:sandbox_origin_database.cc(106)] Attempting to repair SandboxOriginDatabase.
[0714/153129.178:ERROR:leveldb_factory.cc(88)] Failed to open LevelDB database from C:\Users\valen\Desktop\Code\000-Proyectos\26-mibotwpp\.wwebjs_auth\session\Default\IndexedDB\https_web.whatsapp.com_0.indexeddb.leveldb,IO error: C:\Users\valen\Desktop\Code\000-Proyectos\26-mibotwpp\.wwebjs_auth\session\Default\IndexedDB\https_web.whatsapp.com_0.indexeddb.leveldb/LOCK: File currently in use. (ChromeMethodBFE: 15::LockFile::2)
[0714/153131.198:ERROR:leveldb_factory.cc(88)] Failed to open LevelDB database from C:\Users\valen\Desktop\Code\000-Proyectos\26-mibotwpp\.wwebjs_auth\session\Default\IndexedDB\https_web.whatsapp.com_0.indexeddb.leveldb,IO error: C:\Users\valen\Desktop\Code\000-Proyectos\26-mibotwpp\.wwebjs_auth\session\Default\IndexedDB\https_web.whatsapp.com_0.indexeddb.leveldb/LOCK: File currently in use. (ChromeMethodBFE: 15::LockFile::2)
[0714/153132.645:WARNING:sandbox_origin_database.cc(140)] Failed to repair SandboxOriginDatabase.
[0714/153133.219:ERROR:leveldb_factory.cc(88)] Failed to open LevelDB database from C:\Users\valen\Desktop\Code\000-Proyectos\26-mibotwpp\.wwebjs_auth\session\Default\IndexedDB\https_web.whatsapp.com_0.indexeddb.leveldb,IO error: C:\Users\valen\Desktop\Code\000-Proyectos\26-mibotwpp\.wwebjs_auth\session\Default\IndexedDB\https_web.whatsapp.com_0.indexeddb.leveldb/LOCK: File currently in use. (ChromeMethodBFE: 15::LockFile::2)
[0714/153135.243:ERROR:leveldb_factory.cc(88)] Failed to open LevelDB database from C:\Users\valen\Desktop\Code\000-Proyectos\26-mibotwpp\.wwebjs_auth\session\Default\IndexedDB\https_web.whatsapp.com_0.indexeddb.leveldb,IO error: C:\Users\valen\Desktop\Code\000-Proyectos\26-mibotwpp\.wwebjs_auth\session\Default\IndexedDB\https_web.whatsapp.com_0.indexeddb.leveldb/LOCK: File currently in use. (ChromeMethodBFE: 15::LockFile::2)
[0714/153137.261:ERROR:leveldb_factory.cc(88)] Failed to open LevelDB database from C:\Users\valen\Desktop\Code\000-Proyectos\26-mibotwpp\.wwebjs_auth\session\Default\IndexedDB\https_web.whatsapp.com_0.indexeddb.leveldb,IO error: C:\Users\valen\Desktop\Code\000-Proyectos\26-mibotwpp\.wwebjs_auth\session\Default\IndexedDB\https_web.whatsapp.com_0.indexeddb.leveldb/LOCK: File currently in use. (ChromeMethodBFE: 15::LockFile::2)
[0714/153139.291:ERROR:leveldb_factory.cc(88)] Failed to open LevelDB database from C:\Users\valen\Desktop\Code\000-Proyectos\26-mibotwpp\.wwebjs_auth\session\Default\IndexedDB\https_web.whatsapp.com_0.indexeddb.leveldb,IO error: C:\Users\valen\Desktop\Code\000-Proyectos\26-mibotwpp\.wwebjs_auth\session\Default\IndexedDB\https_web.whatsapp.com_0.indexeddb.leveldb/LOCK: File currently in use. (ChromeMethodBFE: 15::LockFile::2)
[0714/153141.316:ERROR:leveldb_factory.cc(88)] Failed to open LevelDB database from C:\Users\valen\Desktop\Code\000-Proyectos\26-mibotwpp\.wwebjs_auth\session\Default\IndexedDB\https_web.whatsapp.com_0.indexeddb.leveldb,IO error: C:\Users\valen\Desktop\Code\000-Proyectos\26-mibotwpp\.wwebjs_auth\session\Default\IndexedDB\https_web.whatsapp.com_0.indexeddb.leveldb/LOCK: File currently in use. (ChromeMethodBFE: 15::LockFile::2)
[0714/153143.336:ERROR:leveldb_factory.cc(88)] Failed to open LevelDB database from C:\Users\valen\Desktop\Code\000-Proyectos\26-mibotwpp\.wwebjs_auth\session\Default\IndexedDB\https_web.whatsapp.com_0.indexeddb.leveldb,IO error: C:\Users\valen\Desktop\Code\000-Proyectos\26-mibotwpp\.wwebjs_auth\session\Default\IndexedDB\https_web.whatsapp.com_0.indexeddb.leveldb/LOCK: File currently in use. (ChromeMethodBFE: 15::LockFile::2)
[0714/153145.345:ERROR:leveldb_factory.cc(88)] Failed to open LevelDB database from C:\Users\valen\Desktop\Code\000-Proyectos\26-mibotwpp\.wwebjs_auth\session\Default\IndexedDB\https_web.whatsapp.com_0.indexeddb.leveldb,IO error: C:\Users\valen\Desktop\Code\000-Proyectos\26-mibotwpp\.wwebjs_auth\session\Default\IndexedDB\https_web.whatsapp.com_0.indexeddb.leveldb/LOCK: File currently in use. (ChromeMethodBFE: 15::LockFile::2)
[0714/153147.370:ERROR:leveldb_factory.cc(88)] Failed to open LevelDB database from C:\Users\valen\Desktop\Code\000-Proyectos\26-mibotwpp\.wwebjs_auth\session\Default\IndexedDB\https_web.whatsapp.com_0.indexeddb.leveldb,IO error: C:\Users\valen\Desktop\Code\000-Proyectos\26-mibotwpp\.wwebjs_auth\session\Default\IndexedDB\https_web.whatsapp.com_0.indexeddb.leveldb/LOCK: File currently in use. (ChromeMethodBFE: 15::LockFile::2)
[0714/153149.389:ERROR:leveldb_factory.cc(88)] Failed to open LevelDB database from C:\Users\valen\Desktop\Code\000-Proyectos\26-mibotwpp\.wwebjs_auth\session\Default\IndexedDB\https_web.whatsapp.com_0.indexeddb.leveldb,IO error: C:\Users\valen\Desktop\Code\000-Proyectos\26-mibotwpp\.wwebjs_auth\session\Default\IndexedDB\https_web.whatsapp.com_0.indexeddb.leveldb/LOCK: File currently in use. (ChromeMethodBFE: 15::LockFile::2)
[0714/153151.418:ERROR:leveldb_factory.cc(88)] Failed to open LevelDB database from C:\Users\valen\Desktop\Code\000-Proyectos\26-mibotwpp\.wwebjs_auth\session\Default\IndexedDB\https_web.whatsapp.com_0.indexeddb.leveldb,IO error: C:\Users\valen\Desktop\Code\000-Proyectos\26-mibotwpp\.wwebjs_auth\session\Default\IndexedDB\https_web.whatsapp.com_0.indexeddb.leveldb/LOCK: File currently in use. (ChromeMethodBFE: 15::LockFile::2)
[0714/153153.504:ERROR:leveldb_factory.cc(88)] Failed to open LevelDB database from C:\Users\valen\Desktop\Code\000-Proyectos\26-mibotwpp\.wwebjs_auth\session\Default\IndexedDB\https_web.whatsapp.com_0.indexeddb.leveldb,IO error: C:\Users\valen\Desktop\Code\000-Proyectos\26-mibotwpp\.wwebjs_auth\session\Default\IndexedDB\https_web.whatsapp.com_0.indexeddb.leveldb/LOCK: File currently in use. (ChromeMethodBFE: 15::LockFile::2)
[0714/153155.524:ERROR:leveldb_factory.cc(88)] Failed to open LevelDB database from C:\Users\valen\Desktop\Code\000-Proyectos\26-mibotwpp\.wwebjs_auth\session\Default\IndexedDB\https_web.whatsapp.com_0.indexeddb.leveldb,IO error: C:\Users\valen\Desktop\Code\000-Proyectos\26-mibotwpp\.wwebjs_auth\session\Default\IndexedDB\https_web.whatsapp.com_0.indexeddb.leveldb/LOCK: File currently in use. (ChromeMethodBFE: 15::LockFile::2)
[0714/153201.037:ERROR:cache_util_win.cc(20)] Unable to move the cache: Acceso denegado. (0x5)
[0714/153201.037:ERROR:cache_util.cc(146)] Unable to move cache folder C:\Users\valen\Desktop\Code\000-Proyectos\26-mibotwpp\.wwebjs_auth\session\Default\GPUCache to C:\Users\valen\Desktop\Code\000-Proyectos\26-mibotwpp\.wwebjs_auth\session\Default\old_GPUCache_000
[0714/153201.037:ERROR:disk_cache.cc(192)] Unable to create cache
[0714/153201.037:ERROR:shader_disk_cache.cc(612)] Shader Cache Creation failed: -2
[0714/153203.057:ERROR:cache_util_win.cc(20)] Unable to move the cache: Acceso denegado. (0x5)
[0714/153203.057:ERROR:cache_util.cc(146)] Unable to move cache folder C:\Users\valen\Desktop\Code\000-Proyectos\26-mibotwpp\.wwebjs_auth\session\Default\Cache\Cache_Data to C:\Users\valen\Desktop\Code\000-Proyectos\26-mibotwpp\.wwebjs_auth\session\Default\Cache\old_Cache_Data_000
[0714/153203.057:ERROR:disk_cache.cc(192)] Unable to create cache
[0714/153203.363:INFO:CONSOLE(0)] "Error with Permissions-Policy header: Unrecognized feature: 'ambient-light-sensor'.", source:  (0)
[0714/153203.363:INFO:CONSOLE(0)] "Error with Permissions-Policy header: Unrecognized feature: 'bluetooth'.", source:  (0)
[0714/153204.052:ERROR:service_worker_storage.cc(1904)] Failed to delete the database: Database IO error
[0714/153204.826:ERROR:cache_util_win.cc(20)] Unable to move the cache: Acceso denegado. (0x5)
[0714/153204.826:ERROR:cache_util.cc(146)] Unable to move cache folder C:\Users\valen\Desktop\Code\000-Proyectos\26-mibotwpp\.wwebjs_auth\session\Default\GPUCache to C:\Users\valen\Desktop\Code\000-Proyectos\26-mibotwpp\.wwebjs_auth\session\Default\old_GPUCache_000
[0714/153204.826:ERROR:disk_cache.cc(192)] Unable to create cache
[0714/153204.826:ERROR:shader_disk_cache.cc(612)] Shader Cache Creation failed: -2
[0714/153206.848:ERROR:cache_util_win.cc(20)] Unable to move the cache: Acceso denegado. (0x5)
[0714/153206.848:ERROR:cache_util.cc(146)] Unable to move cache folder C:\Users\valen\Desktop\Code\000-Proyectos\26-mibotwpp\.wwebjs_auth\session\Default\Cache\Cache_Data to C:\Users\valen\Desktop\Code\000-Proyectos\26-mibotwpp\.wwebjs_auth\session\Default\Cache\old_Cache_Data_000
[0714/153206.848:ERROR:disk_cache.cc(192)] Unable to create cache
[0714/153207.118:INFO:CONSOLE(0)] "Error with Permissions-Policy header: Unrecognized feature: 'ambient-light-sensor'.", source:  (0)
[0714/153207.118:INFO:CONSOLE(0)] "Error with Permissions-Policy header: Unrecognized feature: 'bluetooth'.", source:  (0)
[0714/153207.857:ERROR:service_worker_storage.cc(1904)] Failed to delete the database: Database IO error
[0714/153209.524:ERROR:quota_database.cc(823)] Could not open the quota database, resetting.
[0714/153212.464:ERROR:quota_database.cc(825)] Failed to reset the quota database.
[0714/153213.277:ERROR:quota_database.cc(823)] Could not open the quota database, resetting.
[0714/153214.484:ERROR:sandbox_origin_database.cc(190)] SandboxOriginDatabase failed at: Init@storage/browser/file_system/sandbox_origin_database.cc:94 with error: IO error: C:\Users\valen\Desktop\Code\000-Proyectos\26-mibotwpp\.wwebjs_auth\session\Default\File System\Origins/LOCK: File currently in use. (ChromeMethodBFE: 15::LockFile::2)
[0714/153214.484:WARNING:sandbox_origin_database.cc(106)] Attempting to repair SandboxOriginDatabase.
[0714/153216.215:ERROR:quota_database.cc(825)] Failed to reset the quota database.
[0714/153218.236:ERROR:sandbox_origin_database.cc(190)] SandboxOriginDatabase failed at: Init@storage/browser/file_system/sandbox_origin_database.cc:94 with error: IO error: C:\Users\valen\Desktop\Code\000-Proyectos\26-mibotwpp\.wwebjs_auth\session\Default\File System\Origins/LOCK: File currently in use. (ChromeMethodBFE: 15::LockFile::2)
[0714/153218.236:WARNING:sandbox_origin_database.cc(106)] Attempting to repair SandboxOriginDatabase.
[0714/153218.600:WARNING:sandbox_origin_database.cc(140)] Failed to repair SandboxOriginDatabase.
[0714/153220.635:ERROR:sandbox_origin_database.cc(190)] SandboxOriginDatabase failed at: Init@storage/browser/file_system/sandbox_origin_database.cc:94 with error: IO error: C:\Users\valen\Desktop\Code\000-Proyectos\26-mibotwpp\.wwebjs_auth\session\Default\File System\Origins/LOCK: File currently in use. (ChromeMethodBFE: 15::LockFile::2)
[0714/153220.635:WARNING:sandbox_origin_database.cc(106)] Attempting to repair SandboxOriginDatabase.
[0714/153222.347:WARNING:sandbox_origin_database.cc(140)] Failed to repair SandboxOriginDatabase.
[0714/153224.358:ERROR:sandbox_origin_database.cc(190)] SandboxOriginDatabase failed at: Init@storage/browser/file_system/sandbox_origin_database.cc:94 with error: IO error: C:\Users\valen\Desktop\Code\000-Proyectos\26-mibotwpp\.wwebjs_auth\session\Default\File System\Origins/LOCK: File currently in use. (ChromeMethodBFE: 15::LockFile::2)
[0714/153224.358:WARNING:sandbox_origin_database.cc(106)] Attempting to repair SandboxOriginDatabase.
[0714/153224.771:WARNING:sandbox_origin_database.cc(140)] Failed to repair SandboxOriginDatabase.
[0714/153227.116:ERROR:cache_util_win.cc(20)] Unable to move the cache: Acceso denegado. (0x5)
[0714/153227.116:ERROR:cache_util.cc(146)] Unable to move cache folder C:\Users\valen\Desktop\Code\000-Proyectos\26-mibotwpp\.wwebjs_auth\session\Default\GPUCache to C:\Users\valen\Desktop\Code\000-Proyectos\26-mibotwpp\.wwebjs_auth\session\Default\old_GPUCache_000
[0714/153227.116:ERROR:disk_cache.cc(192)] Unable to create cache
[0714/153227.116:ERROR:shader_disk_cache.cc(612)] Shader Cache Creation failed: -2
[0714/153228.571:WARNING:sandbox_origin_database.cc(140)] Failed to repair SandboxOriginDatabase.
